\BOOKMARK [0][-]{chapter*.1}{\376\377\000D\000\351\000d\000i\000c\000a\000c\000e}{}% 1
\BOOKMARK [0][-]{chapter*.2}{\376\377\000R\000e\000m\000e\000r\000c\000i\000e\000m\000e\000n\000t\000s}{}% 2
\BOOKMARK [0][-]{chapter*.3}{\376\377\000A\000b\000s\000t\000r\000a\000c\000t}{}% 3
\BOOKMARK [0][-]{chapter*.4}{\376\377\000R\000\351\000s\000u\000m\000\351}{}% 4
\BOOKMARK [0][-]{chapter*.5}{\376\377\000G\000l\000o\000s\000s\000a\000i\000r\000e}{}% 5
\BOOKMARK [0][-]{chapter*.6}{\376\377\000T\000a\000b\000l\000e\000\040\000d\000e\000s\000\040\000f\000i\000g\000u\000r\000e\000s}{}% 6
\BOOKMARK [0][-]{chapter*.7}{\376\377\000L\000i\000s\000t\000e\000\040\000d\000e\000s\000\040\000t\000a\000b\000l\000e\000a\000u\000x}{}% 7
\BOOKMARK [0][-]{chapter*.8}{\376\377\000I\000n\000t\000r\000o\000d\000u\000c\000t\000i\000o\000n\000\040\000G\000\351\000n\000\351\000r\000a\000l\000e}{}% 8
\BOOKMARK [0][-]{chapter.1}{\376\377\000A\000n\000a\000l\000y\000s\000e\000\040\000d\000u\000\040\000C\000o\000n\000t\000e\000x\000t\000e\000\040\000e\000t\000\040\000P\000r\000o\000b\000l\000\351\000m\000a\000t\000i\000q\000u\000e}{}% 9
\BOOKMARK [1][-]{section.1.1}{\376\377\000I\000n\000t\000r\000o\000d\000u\000c\000t\000i\000o\000n\000\040\000e\000t\000\040\000C\000o\000n\000t\000e\000x\000t\000e\000\040\000I\000n\000d\000u\000s\000t\000r\000i\000e\000l}{chapter.1}% 10
\BOOKMARK [1][-]{section.1.2}{\376\377\000\311\000t\000u\000d\000e\000\040\000d\000e\000\040\000l\000'\000E\000x\000i\000s\000t\000a\000n\000t\000\040\000:\000\040\000L\000'\000\311\000c\000o\000s\000y\000s\000t\000\350\000m\000e\000\040\000L\000e\000g\000a\000c\000y}{chapter.1}% 11
\BOOKMARK [2][-]{subsection.1.2.1}{\376\377\000D\000e\000s\000c\000r\000i\000p\000t\000i\000o\000n\000\040\000d\000e\000s\000\040\000C\000o\000m\000p\000o\000s\000a\000n\000t\000s\000\040\000H\000\351\000r\000i\000t\000\351\000s}{section.1.2}% 12
\BOOKMARK [2][-]{subsection.1.2.2}{\376\377\000L\000i\000m\000i\000t\000e\000s\000\040\000T\000e\000c\000h\000n\000i\000q\000u\000e\000s\000\040\000e\000t\000\040\000F\000r\000a\000g\000m\000e\000n\000t\000a\000t\000i\000o\000n\000\040\000d\000u\000\040\000F\000l\000u\000x}{section.1.2}% 13
\BOOKMARK [1][-]{section.1.3}{\376\377\000P\000r\000o\000b\000l\000\351\000m\000a\000t\000i\000q\000u\000e\000\040\000O\000p\000\351\000r\000a\000t\000i\000o\000n\000n\000e\000l\000l\000e\000\040\000e\000t\000\040\000A\000n\000a\000l\000y\000s\000e\000\040\000d\000e\000s\000\040\000R\000i\000s\000q\000u\000e\000s}{chapter.1}% 14
\BOOKMARK [2][-]{subsection.1.3.1}{\376\377\000L\000e\000\040\000R\000i\000s\000q\000u\000e\000\040\000d\000e\000\040\000S\000\351\000c\000u\000r\000i\000t\000\351\000\040\000M\000a\000j\000e\000u\000r\000\040\000:\000\040\000L\000e\000s\000\040\000C\000o\000m\000p\000t\000e\000s\000\040\000O\000r\000p\000h\000e\000l\000i\000n\000s}{section.1.3}% 15
\BOOKMARK [2][-]{subsection.1.3.2}{\376\377\000L\000e\000\040\000C\000l\000o\000i\000s\000o\000n\000n\000e\000m\000e\000n\000t\000\040\000d\000e\000s\000\040\000D\000o\000n\000n\000\351\000e\000s\000\040\000\050\000A\000b\000s\000e\000n\000c\000e\000\040\000d\000e\000\040\000V\000u\000e\000\040\0003\0006\0000\000\051}{section.1.3}% 16
\BOOKMARK [2][-]{subsection.1.3.3}{\376\377\000R\000i\000g\000i\000d\000i\000t\000\351\000\040\000F\000o\000n\000c\000t\000i\000o\000n\000n\000e\000l\000l\000e\000\040\000e\000t\000\040\000C\000o\000\373\000t\000s\000\040\000d\000'\000E\000x\000p\000l\000o\000i\000t\000a\000t\000i\000o\000n}{section.1.3}% 17
\BOOKMARK [1][-]{section.1.4}{\376\377\000A\000v\000a\000n\000t\000a\000g\000e\000s\000\040\000d\000e\000\040\000l\000a\000\040\000S\000o\000l\000u\000t\000i\000o\000n\000\040\000P\000r\000o\000p\000o\000s\000\351\000e\000\040\000:\000\040\000L\000e\000\040\000P\000r\000o\000v\000i\000s\000i\000o\000n\000i\000n\000g\000\040\000H\000u\000b}{chapter.1}% 18
\BOOKMARK [2][-]{subsection.1.4.1}{\376\377\000A\000u\000t\000o\000m\000a\000t\000i\000s\000a\000t\000i\000o\000n\000\040\000C\000o\000m\000p\000l\000\350\000t\000e\000\040\000d\000u\000\040\000C\000y\000c\000l\000e\000\040\000J\000M\000L}{section.1.4}% 19
\BOOKMARK [2][-]{subsection.1.4.2}{\376\377\000F\000i\000a\000b\000i\000l\000i\000t\000\351\000\040\000C\000o\000m\000p\000a\000r\000\351\000e\000\040\000d\000e\000s\000\040\000M\000o\000d\000\350\000l\000e\000s\000\040\000d\000e\000\040\000C\000o\000m\000m\000u\000n\000i\000c\000a\000t\000i\000o\000n}{section.1.4}% 20
\BOOKMARK [2][-]{subsection.1.4.3}{\376\377\000H\000y\000b\000r\000i\000d\000a\000t\000i\000o\000n\000\040\000d\000e\000s\000\040\000F\000l\000u\000x\000\040\000:\000\040\000W\000o\000r\000k\000f\000l\000o\000w\000\040\000S\000y\000n\000c\000h\000r\000o\000n\000e\000\040\000M\000a\000n\000u\000e\000l\000\040\000e\000t\000\040\000A\000s\000y\000n\000c\000h\000r\000o\000n\000e\000\040\000\311\000v\000\351\000n\000e\000m\000e\000n\000t\000i\000e\000l}{section.1.4}% 21
\BOOKMARK [2][-]{subsection.1.4.4}{\376\377\000V\000u\000e\000\040\000H\000u\000b\000\040\0003\0006\0000\000\040\000\050\000G\000o\000u\000v\000e\000r\000n\000a\000n\000c\000e\000\040\000e\000t\000\040\000A\000u\000d\000i\000t\000\051}{section.1.4}% 22
\BOOKMARK [2][-]{subsection.1.4.5}{\376\377\000M\000o\000t\000e\000u\000r\000\040\000d\000e\000\040\000R\000\350\000g\000l\000e\000s\000\040\000D\000\351\000c\000l\000a\000r\000a\000t\000i\000f}{section.1.4}% 23
\BOOKMARK [1][-]{section.1.5}{\376\377\000C\000o\000n\000c\000l\000u\000s\000i\000o\000n}{chapter.1}% 24
\BOOKMARK [0][-]{chapter.2}{\376\377\000C\000o\000n\000c\000e\000p\000t\000i\000o\000n\000\040\000e\000t\000\040\000A\000r\000c\000h\000i\000t\000e\000c\000t\000u\000r\000e\000\040\000d\000u\000\040\000S\000y\000s\000t\000\350\000m\000e}{}% 25
\BOOKMARK [1][-]{section.2.1}{\376\377\000I\000n\000t\000r\000o\000d\000u\000c\000t\000i\000o\000n\000\040\000e\000t\000\040\000A\000r\000c\000h\000i\000t\000e\000c\000t\000u\000r\000e\000\040\000G\000\351\000n\000\351\000r\000a\000l\000e}{chapter.2}% 26
\BOOKMARK [1][-]{section.2.2}{\376\377\000S\000t\000a\000c\000k\000\040\000T\000e\000c\000h\000n\000o\000l\000o\000g\000i\000q\000u\000e}{chapter.2}% 27
\BOOKMARK [2][-]{subsection.2.2.1}{\376\377\000C\000o\000m\000p\000o\000s\000a\000n\000t\000s\000\040\000B\000a\000c\000k\000e\000n\000d}{section.2.2}% 28
\BOOKMARK [2][-]{subsection.2.2.2}{\376\377\000C\000o\000m\000p\000o\000s\000a\000n\000t\000s\000\040\000F\000r\000o\000n\000t\000e\000n\000d}{section.2.2}% 29
\BOOKMARK [2][-]{subsection.2.2.3}{\376\377\000I\000n\000f\000r\000a\000s\000t\000r\000u\000c\000t\000u\000r\000e\000\040\000e\000t\000\040\000D\000\351\000p\000l\000o\000i\000e\000m\000e\000n\000t}{section.2.2}% 30
\BOOKMARK [1][-]{section.2.3}{\376\377\000C\000o\000n\000c\000e\000p\000t\000i\000o\000n\000\040\000M\000o\000d\000u\000l\000a\000i\000r\000e\000\040\000B\000a\000c\000k\000e\000n\000d\000\040\000\050\000S\000p\000r\000i\000n\000g\000\040\000B\000o\000o\000t\000\051}{chapter.2}% 31
\BOOKMARK [2][-]{subsection.2.3.1}{\376\377\000S\000t\000r\000u\000c\000t\000u\000r\000e\000\040\000d\000e\000s\000\040\000P\000a\000c\000k\000a\000g\000e\000s}{section.2.3}% 32
\BOOKMARK [2][-]{subsection.2.3.2}{\376\377\000S\000t\000a\000t\000i\000s\000t\000i\000q\000u\000e\000s\000\040\000d\000e\000\040\000C\000o\000d\000e}{section.2.3}% 33
\BOOKMARK [1][-]{section.2.4}{\376\377\000C\000o\000n\000c\000e\000p\000t\000i\000o\000n\000\040\000d\000u\000\040\000C\000l\000i\000e\000n\000t\000\040\000F\000r\000o\000n\000t\000e\000n\000d\000\040\000\050\000A\000n\000g\000u\000l\000a\000r\000\051}{chapter.2}% 34
\BOOKMARK [2][-]{subsection.2.4.1}{\376\377\000M\000o\000d\000\350\000l\000e\000\040\000S\000t\000a\000n\000d\000a\000l\000o\000n\000e\000\040\000e\000t\000\040\000C\000h\000a\000r\000g\000e\000m\000e\000n\000t\000\040\000D\000i\000f\000f\000\351\000r\000\351}{section.2.4}% 35
\BOOKMARK [2][-]{subsection.2.4.2}{\376\377\000S\000t\000r\000u\000c\000t\000u\000r\000e\000\040\000e\000t\000\040\000A\000r\000c\000h\000i\000t\000e\000c\000t\000u\000r\000e\000\040\000d\000e\000\040\000N\000a\000v\000i\000g\000a\000t\000i\000o\000n}{section.2.4}% 36
\BOOKMARK [2][-]{subsection.2.4.3}{\376\377\000C\000e\000n\000t\000r\000a\000l\000i\000s\000a\000t\000i\000o\000n\000\040\000d\000e\000s\000\040\000\311\000c\000h\000a\000n\000g\000e\000s\000\040\000H\000T\000T\000P}{section.2.4}% 37
\BOOKMARK [1][-]{section.2.5}{\376\377\000M\000o\000d\000\351\000l\000i\000s\000a\000t\000i\000o\000n\000\040\000e\000t\000\040\000P\000e\000r\000s\000i\000s\000t\000a\000n\000c\000e\000\040\000d\000e\000s\000\040\000D\000o\000n\000n\000\351\000e\000s\000\040\000\050\000P\000o\000s\000t\000g\000r\000e\000S\000Q\000L\000\040\0001\0007\000\051}{chapter.2}% 38
\BOOKMARK [2][-]{subsection.2.5.1}{\376\377\000E\000n\000t\000i\000t\000\351\000s\000\040\000P\000r\000i\000n\000c\000i\000p\000a\000l\000e\000s\000\040\000e\000t\000\040\000R\000e\000l\000a\000t\000i\000o\000n\000s}{section.2.5}% 39
\BOOKMARK [2][-]{subsection.2.5.2}{\376\377\000O\000p\000t\000i\000m\000i\000s\000a\000t\000i\000o\000n\000s\000\040\000A\000v\000a\000n\000c\000\351\000e\000s\000\040\000d\000e\000\040\000P\000o\000s\000t\000g\000r\000e\000S\000Q\000L\000\040\0001\0007}{section.2.5}% 40
\BOOKMARK [1][-]{section.2.6}{\376\377\000C\000o\000n\000c\000e\000p\000t\000i\000o\000n\000\040\000d\000e\000s\000\040\000A\000P\000I\000s\000\040\000R\000E\000S\000T}{chapter.2}% 41
\BOOKMARK [2][-]{subsection.2.6.1}{\376\377\000C\000o\000n\000v\000e\000n\000t\000i\000o\000n\000s\000\040\000d\000e\000\040\000C\000o\000n\000c\000e\000p\000t\000i\000o\000n}{section.2.6}% 42
\BOOKMARK [2][-]{subsection.2.6.2}{\376\377\000C\000a\000t\000a\000l\000o\000g\000u\000e\000\040\000d\000e\000s\000\040\000E\000n\000d\000p\000o\000i\000n\000t\000s\000\040\000C\000l\000\351\000s}{section.2.6}% 43
\BOOKMARK [1][-]{section.2.7}{\376\377\000M\000o\000t\000e\000u\000r\000\040\000d\000e\000\040\000P\000o\000l\000i\000t\000i\000q\000u\000e\000s\000\040\000I\000A\000M\000\040\000\050\000P\000o\000l\000i\000c\000y\000\040\000E\000n\000g\000i\000n\000e\000\051}{chapter.2}% 44
\BOOKMARK [2][-]{subsection.2.7.1}{\376\377\000\311\000v\000a\000l\000u\000a\000t\000i\000o\000n\000\040\000D\000y\000n\000a\000m\000i\000q\000u\000e\000\040\000a\000v\000e\000c\000\040\000S\000p\000E\000L}{section.2.7}% 45
\BOOKMARK [2][-]{subsection.2.7.2}{\376\377\000R\000\350\000g\000l\000e\000s\000\040\000L\000o\000g\000i\000q\000u\000e\000s\000\040\000J\000S\000O\000N\000\040\000e\000t\000\040\000\311\000v\000a\000l\000u\000a\000t\000e\000u\000r\000s\000\040\000S\000p\000\351\000c\000i\000a\000l\000i\000s\000\351\000s}{section.2.7}% 46
\BOOKMARK [1][-]{section.2.8}{\376\377\000A\000r\000c\000h\000i\000t\000e\000c\000t\000u\000r\000e\000\040\000E\000v\000e\000n\000t\000-\000D\000r\000i\000v\000e\000n\000\040\000\050\000R\000a\000b\000b\000i\000t\000M\000Q\000\051}{chapter.2}% 47
\BOOKMARK [2][-]{subsection.2.8.1}{\376\377\000T\000o\000p\000o\000l\000o\000g\000i\000e\000\040\000d\000e\000\040\000M\000e\000s\000s\000a\000g\000e\000r\000i\000e}{section.2.8}% 48
\BOOKMARK [2][-]{subsection.2.8.2}{\376\377\000H\000a\000u\000t\000e\000\040\000F\000i\000a\000b\000i\000l\000i\000t\000\351\000\040\000e\000t\000\040\000M\000\351\000c\000a\000n\000i\000s\000m\000e\000\040\000d\000e\000\040\000D\000L\000Q}{section.2.8}% 49
\BOOKMARK [1][-]{section.2.9}{\376\377\000S\000y\000s\000t\000\350\000m\000e\000\040\000d\000e\000\040\000C\000o\000n\000n\000e\000c\000t\000e\000u\000r\000s\000\040\000\050\000P\000l\000u\000g\000i\000n\000\040\000A\000r\000c\000h\000i\000t\000e\000c\000t\000u\000r\000e\000\051}{chapter.2}% 50
\BOOKMARK [2][-]{subsection.2.9.1}{\376\377\000C\000o\000n\000t\000r\000a\000t\000\040\000d\000'\000I\000n\000t\000e\000r\000f\000a\000c\000e\000\040\000e\000t\000\040\000S\000t\000r\000a\000t\000e\000g\000y\000\040\000P\000a\000t\000t\000e\000r\000n}{section.2.9}% 51
\BOOKMARK [2][-]{subsection.2.9.2}{\376\377\000A\000u\000t\000o\000-\000D\000\351\000c\000o\000u\000v\000e\000r\000t\000e\000\040\000v\000i\000a\000\040\000l\000e\000\040\000C\000o\000n\000n\000e\000c\000t\000o\000r\000R\000e\000g\000i\000s\000t\000r\000y}{section.2.9}% 52
\BOOKMARK [1][-]{section.2.10}{\376\377\000S\000\351\000c\000u\000r\000i\000t\000\351\000\040\000e\000t\000\040\000C\000o\000n\000t\000r\000\364\000l\000e\000\040\000d\000'\000A\000c\000c\000\350\000s\000\040\000\050\000R\000B\000A\000C\000\051}{chapter.2}% 53
\BOOKMARK [2][-]{subsection.2.10.1}{\376\377\000S\000\351\000c\000u\000r\000i\000t\000\351\000\040\000B\000a\000c\000k\000e\000n\000d}{section.2.10}% 54
\BOOKMARK [2][-]{subsection.2.10.2}{\376\377\000M\000o\000d\000\350\000l\000e\000\040\000R\000B\000A\000C\000\040\000F\000r\000o\000n\000t\000e\000n\000d}{section.2.10}% 55
\BOOKMARK [1][-]{section.2.11}{\376\377\000D\000\351\000p\000l\000o\000i\000e\000m\000e\000n\000t\000\040\000e\000t\000\040\000A\000r\000c\000h\000i\000t\000e\000c\000t\000u\000r\000e\000\040\000C\000o\000n\000t\000e\000n\000e\000u\000r\000i\000s\000\351\000e\000\040\000\050\000D\000o\000c\000k\000e\000r\000\051}{chapter.2}% 56
\BOOKMARK [1][-]{section.2.12}{\376\377\000P\000a\000t\000r\000o\000n\000s\000\040\000d\000e\000\040\000C\000o\000n\000c\000e\000p\000t\000i\000o\000n\000\040\000\050\000D\000e\000s\000i\000g\000n\000\040\000P\000a\000t\000t\000e\000r\000n\000s\000\051\000\040\000A\000p\000p\000l\000i\000q\000u\000\351\000s}{chapter.2}% 57
\BOOKMARK [2][-]{subsection.2.12.1}{\376\377\000P\000a\000t\000r\000o\000n\000s\000\040\000A\000r\000c\000h\000i\000t\000e\000c\000t\000u\000r\000a\000u\000x}{section.2.12}% 58
\BOOKMARK [2][-]{subsection.2.12.2}{\376\377\000P\000a\000t\000r\000o\000n\000s\000\040\000d\000e\000\040\000C\000o\000n\000c\000e\000p\000t\000i\000o\000n\000\040\000G\000o\000F\000\040\000\050\000G\000a\000n\000g\000\040\000o\000f\000\040\000F\000o\000u\000r\000\051}{section.2.12}% 59
\BOOKMARK [2][-]{subsection.2.12.3}{\376\377\000P\000a\000t\000r\000o\000n\000s\000\040\000d\000e\000\040\000R\000\351\000s\000i\000l\000i\000e\000n\000c\000e\000\040\000e\000t\000\040\000d\000'\000I\000n\000f\000r\000a\000s\000t\000r\000u\000c\000t\000u\000r\000e}{section.2.12}% 60
\BOOKMARK [1][-]{section.2.13}{\376\377\000S\000p\000\351\000c\000i\000f\000i\000c\000a\000t\000i\000o\000n\000s\000\040\000d\000e\000s\000\040\000D\000i\000a\000g\000r\000a\000m\000m\000e\000s\000\040\000U\000M\000L\000\040\000\340\000\040\000P\000r\000o\000d\000u\000i\000r\000e}{chapter.2}% 61
\BOOKMARK [1][-]{section.2.14}{\376\377\000C\000o\000n\000c\000l\000u\000s\000i\000o\000n}{chapter.2}% 62
\BOOKMARK [0][-]{chapter.3}{\376\377\000R\000\351\000a\000l\000i\000s\000a\000t\000i\000o\000n\000\040\000T\000e\000c\000h\000n\000i\000q\000u\000e\000\040\000e\000t\000\040\000I\000m\000p\000l\000\351\000m\000e\000n\000t\000a\000t\000i\000o\000n}{}% 63
\BOOKMARK [1][-]{section.3.1}{\376\377\000I\000n\000t\000r\000o\000d\000u\000c\000t\000i\000o\000n}{chapter.3}% 64
\BOOKMARK [1][-]{section.3.2}{\376\377\000E\000n\000v\000i\000r\000o\000n\000n\000e\000m\000e\000n\000t\000\040\000d\000e\000\040\000D\000\351\000v\000e\000l\000o\000p\000p\000e\000m\000e\000n\000t}{chapter.3}% 65
\BOOKMARK [2][-]{subsection.3.2.1}{\376\377\000S\000t\000a\000c\000k\000\040\000T\000e\000c\000h\000n\000i\000q\000u\000e\000\040\000e\000t\000\040\000J\000u\000s\000t\000i\000f\000i\000c\000a\000t\000i\000o\000n\000s}{section.3.2}% 66
\BOOKMARK [2][-]{subsection.3.2.2}{\376\377\000O\000r\000c\000h\000e\000s\000t\000r\000a\000t\000i\000o\000n\000\040\000e\000t\000\040\000C\000I\000/\000C\000D}{section.3.2}% 67
\BOOKMARK [1][-]{section.3.3}{\376\377\000I\000m\000p\000l\000\351\000m\000e\000n\000t\000a\000t\000i\000o\000n\000\040\000d\000e\000s\000\040\000F\000o\000n\000c\000t\000i\000o\000n\000n\000a\000l\000i\000t\000\351\000s\000\040\000C\000l\000\351\000s}{chapter.3}% 68
\BOOKMARK [2][-]{subsection.3.3.1}{\376\377\000L\000e\000\040\000p\000a\000t\000t\000e\000r\000n\000\040\000"\000S\000a\000v\000e\000-\000F\000i\000r\000s\000t\000"\000\040\000e\000t\000\040\000l\000a\000\040\000t\000r\000a\000\347\000a\000b\000i\000l\000i\000t\000\351\000\040\000a\000b\000s\000o\000l\000u\000e}{section.3.3}% 69
\BOOKMARK [2][-]{subsection.3.3.2}{\376\377\000G\000e\000s\000t\000i\000o\000n\000\040\000d\000e\000\040\000l\000a\000\040\000r\000\351\000s\000i\000l\000i\000e\000n\000c\000e\000\040\000e\000t\000\040\000d\000e\000s\000\040\000e\000r\000r\000e\000u\000r\000s}{section.3.3}% 70
\BOOKMARK [2][-]{subsection.3.3.3}{\376\377\000O\000p\000t\000i\000m\000i\000s\000a\000t\000i\000o\000n\000\040\000d\000e\000s\000\040\000p\000e\000r\000f\000o\000r\000m\000a\000n\000c\000e\000s\000\040\000e\000t\000\040\000r\000\351\000s\000o\000l\000u\000t\000i\000o\000n\000\040\000d\000u\000\040\000p\000r\000o\000b\000l\000\350\000m\000e\000\040\000N\000+\0001}{section.3.3}% 71
\BOOKMARK [1][-]{section.3.4}{\376\377\000S\000\351\000c\000u\000r\000i\000t\000\351\000\040\000e\000t\000\040\000C\000o\000n\000f\000o\000r\000m\000i\000t\000\351}{chapter.3}% 72
\BOOKMARK [2][-]{subsection.3.4.1}{\376\377\000C\000h\000i\000f\000f\000r\000e\000m\000e\000n\000t\000\040\000d\000e\000s\000\040\000s\000e\000c\000r\000e\000t\000s\000\040\000e\000t\000\040\000d\000o\000n\000n\000\351\000e\000s\000\040\000s\000e\000n\000s\000i\000b\000l\000e\000s}{section.3.4}% 73
\BOOKMARK [2][-]{subsection.3.4.2}{\376\377\000G\000e\000s\000t\000i\000o\000n\000\040\000d\000e\000s\000\040\000a\000c\000c\000\350\000s\000\040\000e\000t\000\040\000a\000u\000t\000h\000e\000n\000t\000i\000f\000i\000c\000a\000t\000i\000o\000n}{section.3.4}% 74
\BOOKMARK [1][-]{section.3.5}{\376\377\000C\000o\000n\000c\000l\000u\000s\000i\000o\000n}{chapter.3}% 75
\BOOKMARK [0][-]{chapter.4}{\376\377\000T\000e\000s\000t\000s\000,\000\040\000V\000a\000l\000i\000d\000a\000t\000i\000o\000n\000\040\000e\000t\000\040\000R\000\351\000s\000u\000l\000t\000a\000t\000s}{}% 76
\BOOKMARK [1][-]{section.4.1}{\376\377\000I\000n\000t\000r\000o\000d\000u\000c\000t\000i\000o\000n}{chapter.4}% 77
\BOOKMARK [1][-]{section.4.2}{\376\377\000S\000t\000r\000a\000t\000\351\000g\000i\000e\000\040\000d\000e\000\040\000T\000e\000s\000t\000s}{chapter.4}% 78
\BOOKMARK [2][-]{subsection.4.2.1}{\376\377\000T\000e\000s\000t\000s\000\040\000U\000n\000i\000t\000a\000i\000r\000e\000s\000\040\000e\000t\000\040\000d\000'\000I\000n\000t\000\351\000g\000r\000a\000t\000i\000o\000n}{section.4.2}% 79
\BOOKMARK [2][-]{subsection.4.2.2}{\376\377\000T\000e\000s\000t\000s\000\040\000d\000e\000\040\000b\000o\000u\000t\000\040\000e\000n\000\040\000b\000o\000u\000t\000\040\000\050\000E\0002\000E\000\051\000\040\000e\000t\000\040\000A\000u\000t\000o\000m\000a\000t\000i\000s\000a\000t\000i\000o\000n}{section.4.2}% 80
\BOOKMARK [1][-]{section.4.3}{\376\377\000A\000n\000a\000l\000y\000s\000e\000\040\000d\000e\000s\000\040\000R\000\351\000s\000u\000l\000t\000a\000t\000s}{chapter.4}% 81
\BOOKMARK [2][-]{subsection.4.3.1}{\376\377\000V\000a\000l\000i\000d\000a\000t\000i\000o\000n\000\040\000d\000e\000\040\000l\000a\000\040\000m\000a\000t\000r\000i\000c\000e\000\040\000d\000e\000\040\000t\000e\000s\000t\000s}{section.4.3}% 82
\BOOKMARK [2][-]{subsection.4.3.2}{\376\377\000M\000e\000s\000u\000r\000e\000\040\000d\000e\000s\000\040\000g\000a\000i\000n\000s\000\040\000d\000e\000\040\000p\000e\000r\000f\000o\000r\000m\000a\000n\000c\000e\000\040\000e\000t\000\040\000i\000m\000p\000a\000c\000t\000\040\000m\000\351\000t\000i\000e\000r}{section.4.3}% 83
\BOOKMARK [1][-]{section.4.4}{\376\377\000P\000r\000\351\000s\000e\000n\000t\000a\000t\000i\000o\000n\000\040\000d\000e\000\040\000l\000'\000I\000n\000t\000e\000r\000f\000a\000c\000e\000\040\000A\000d\000m\000i\000n\000i\000s\000t\000r\000a\000t\000e\000u\000r}{chapter.4}% 84
\BOOKMARK [2][-]{subsection.4.4.1}{\376\377\000D\000a\000s\000h\000b\000o\000a\000r\000d\000\040\000e\000t\000\040\000M\000o\000n\000i\000t\000o\000r\000i\000n\000g}{section.4.4}% 85
\BOOKMARK [2][-]{subsection.4.4.2}{\376\377\000V\000u\000e\000\040\000E\000m\000p\000l\000o\000y\000\351\000\040\0003\0006\0000\000\040\000e\000t\000\040\000H\000i\000s\000t\000o\000r\000i\000q\000u\000e\000\040\000d\000e\000s\000\040\000\351\000c\000h\000a\000n\000g\000e\000s}{section.4.4}% 86
\BOOKMARK [1][-]{section.4.5}{\376\377\000C\000o\000n\000c\000l\000u\000s\000i\000o\000n}{chapter.4}% 87
\BOOKMARK [0][-]{chapter*.9}{\376\377\000C\000o\000n\000c\000l\000u\000s\000i\000o\000n\000\040\000G\000\351\000n\000\351\000r\000a\000l\000e\000\040\000e\000t\000\040\000P\000e\000r\000s\000p\000e\000c\000t\000i\000v\000e\000s}{}% 88
\BOOKMARK [0][-]{chapter*.10}{\376\377\000R\000\351\000f\000\351\000r\000e\000n\000c\000e\000s}{}% 89
\BOOKMARK [0][-]{chapter*.11}{\376\377\000A\000n\000n\000e\000x\000e\000s}{}% 90
\BOOKMARK [1][-]{section.4.6}{\376\377\000E\000x\000t\000r\000a\000i\000t\000s\000\040\000d\000e\000\040\000c\000o\000d\000e\000\040\000c\000r\000i\000t\000i\000q\000u\000e\000s}{chapter*.11}% 91
\BOOKMARK [1][-]{section.4.7}{\376\377\000C\000a\000p\000t\000u\000r\000e\000s\000\040\000d\000'\000\351\000c\000r\000a\000n\000\040\000d\000e\000\040\000l\000'\000i\000n\000t\000e\000r\000f\000a\000c\000e\000\040\000u\000t\000i\000l\000i\000s\000a\000t\000e\000u\000r}{chapter*.11}% 92
\BOOKMARK [1][-]{section.4.8}{\376\377\000C\000o\000n\000f\000i\000g\000u\000r\000a\000t\000i\000o\000n\000\040\000D\000o\000c\000k\000e\000r\000\040\000C\000o\000m\000p\000o\000s\000e}{chapter*.11}% 93
\BOOKMARK [1][-]{section.4.9}{\376\377\000G\000u\000i\000d\000e\000\040\000d\000'\000i\000n\000s\000t\000a\000l\000l\000a\000t\000i\000o\000n}{chapter*.11}% 94
