\BOOKMARK [0][-]{chapter*.1}{\376\377\000D\000\351\000d\000i\000c\000a\000c\000e}{}% 1
\BOOKMARK [0][-]{chapter*.2}{\376\377\000R\000e\000m\000e\000r\000c\000i\000e\000m\000e\000n\000t\000s}{}% 2
\BOOKMARK [0][-]{chapter*.3}{\376\377\000A\000b\000s\000t\000r\000a\000c\000t}{}% 3
\BOOKMARK [0][-]{chapter*.4}{\376\377\000R\000\351\000s\000u\000m\000\351}{}% 4
\BOOKMARK [0][-]{chapter*.5}{\376\377\000G\000l\000o\000s\000s\000a\000i\000r\000e}{}% 5
\BOOKMARK [0][-]{chapter*.6}{\376\377\000T\000a\000b\000l\000e\000\040\000d\000e\000s\000\040\000f\000i\000g\000u\000r\000e\000s}{}% 6
\BOOKMARK [0][-]{chapter*.7}{\376\377\000L\000i\000s\000t\000e\000\040\000d\000e\000s\000\040\000t\000a\000b\000l\000e\000a\000u\000x}{}% 7
\BOOKMARK [0][-]{chapter*.8}{\376\377\000I\000n\000t\000r\000o\000d\000u\000c\000t\000i\000o\000n\000\040\000G\000\351\000n\000\351\000r\000a\000l\000e}{}% 8
\BOOKMARK [0][-]{chapter.1}{\376\377\000A\000n\000a\000l\000y\000s\000e\000\040\000d\000u\000\040\000C\000o\000n\000t\000e\000x\000t\000e\000\040\000e\000t\000\040\000P\000r\000o\000b\000l\000\351\000m\000a\000t\000i\000q\000u\000e}{}% 9
\BOOKMARK [1][-]{section.1.1}{\376\377\000I\000n\000t\000r\000o\000d\000u\000c\000t\000i\000o\000n}{chapter.1}% 10
\BOOKMARK [1][-]{section.1.2}{\376\377\000\311\000t\000u\000d\000e\000\040\000d\000e\000\040\000l\000'\000e\000x\000i\000s\000t\000a\000n\000t\000\040\000\050\000S\000y\000s\000t\000\350\000m\000e\000s\000\040\000L\000e\000g\000a\000c\000y\000\051}{chapter.1}% 11
\BOOKMARK [2][-]{subsection.1.2.1}{\376\377\000D\000e\000s\000c\000r\000i\000p\000t\000i\000o\000n\000\040\000d\000e\000s\000\040\000c\000o\000m\000p\000o\000s\000a\000n\000t\000s}{section.1.2}% 12
\BOOKMARK [2][-]{subsection.1.2.2}{\376\377\000A\000n\000a\000l\000y\000s\000e\000\040\000d\000e\000s\000\040\000f\000l\000u\000x\000\040\000d\000e\000\040\000d\000o\000n\000n\000\351\000e\000s\000\040\000a\000c\000t\000u\000e\000l\000s}{section.1.2}% 13
\BOOKMARK [1][-]{section.1.3}{\376\377\000P\000r\000o\000b\000l\000\351\000m\000a\000t\000i\000q\000u\000e\000\040\000e\000t\000\040\000D\000\351\000f\000i\000s}{chapter.1}% 14
\BOOKMARK [2][-]{subsection.1.3.1}{\376\377\000G\000o\000u\000l\000o\000t\000s\000\040\000d\000'\000\351\000t\000r\000a\000n\000g\000l\000e\000m\000e\000n\000t\000\040\000t\000e\000c\000h\000n\000i\000q\000u\000e\000s}{section.1.3}% 15
\BOOKMARK [2][-]{subsection.1.3.2}{\376\377\000D\000\351\000f\000i\000s\000\040\000o\000p\000\351\000r\000a\000t\000i\000o\000n\000n\000e\000l\000s}{section.1.3}% 16
\BOOKMARK [1][-]{section.1.4}{\376\377\000O\000b\000j\000e\000c\000t\000i\000f\000s\000\040\000d\000u\000\040\000P\000r\000o\000j\000e\000t}{chapter.1}% 17
\BOOKMARK [2][-]{subsection.1.4.1}{\376\377\000O\000b\000j\000e\000c\000t\000i\000f\000s\000\040\000M\000\351\000t\000i\000e\000r\000s}{section.1.4}% 18
\BOOKMARK [2][-]{subsection.1.4.2}{\376\377\000O\000b\000j\000e\000c\000t\000i\000f\000s\000\040\000T\000e\000c\000h\000n\000i\000q\000u\000e\000s}{section.1.4}% 19
\BOOKMARK [2][-]{subsection.1.4.3}{\376\377\000S\000y\000n\000t\000h\000\350\000s\000e\000\040\000c\000o\000m\000p\000a\000r\000a\000t\000i\000v\000e}{section.1.4}% 20
\BOOKMARK [1][-]{section.1.5}{\376\377\000C\000o\000n\000c\000l\000u\000s\000i\000o\000n}{chapter.1}% 21
\BOOKMARK [0][-]{chapter.2}{\376\377\000C\000o\000n\000c\000e\000p\000t\000i\000o\000n\000\040\000e\000t\000\040\000A\000r\000c\000h\000i\000t\000e\000c\000t\000u\000r\000e\000\040\000d\000u\000\040\000S\000y\000s\000t\000\350\000m\000e}{}% 22
\BOOKMARK [1][-]{section.2.1}{\376\377\000I\000n\000t\000r\000o\000d\000u\000c\000t\000i\000o\000n}{chapter.2}% 23
\BOOKMARK [1][-]{section.2.2}{\376\377\000A\000r\000c\000h\000i\000t\000e\000c\000t\000u\000r\000e\000\040\000G\000l\000o\000b\000a\000l\000e}{chapter.2}% 24
\BOOKMARK [2][-]{subsection.2.2.1}{\376\377\000C\000h\000o\000i\000x\000\040\000d\000u\000\040\000p\000a\000r\000a\000d\000i\000g\000m\000e\000\040\000a\000r\000c\000h\000i\000t\000e\000c\000t\000u\000r\000a\000l}{section.2.2}% 25
\BOOKMARK [2][-]{subsection.2.2.2}{\376\377\000L\000e\000\040\000P\000i\000p\000e\000l\000i\000n\000e\000\040\000D\000\351\000c\000l\000a\000r\000a\000t\000i\000f}{section.2.2}% 26
\BOOKMARK [1][-]{section.2.3}{\376\377\000C\000o\000n\000c\000e\000p\000t\000i\000o\000n\000\040\000d\000u\000\040\000M\000o\000t\000e\000u\000r\000\040\000d\000e\000\040\000R\000\350\000g\000l\000e\000s\000\040\000\050\000P\000o\000l\000i\000c\000y\000\040\000E\000n\000g\000i\000n\000e\000\051}{chapter.2}% 27
\BOOKMARK [2][-]{subsection.2.3.1}{\376\377\000L\000'\000u\000t\000i\000l\000i\000s\000a\000t\000i\000o\000n\000\040\000d\000e\000\040\000S\000p\000E\000L\000\040\000\050\000S\000p\000r\000i\000n\000g\000\040\000E\000x\000p\000r\000e\000s\000s\000i\000o\000n\000\040\000L\000a\000n\000g\000u\000a\000g\000e\000\051}{section.2.3}% 28
\BOOKMARK [2][-]{subsection.2.3.2}{\376\377\000T\000y\000p\000o\000l\000o\000g\000i\000e\000\040\000d\000e\000s\000\040\000p\000o\000l\000i\000t\000i\000q\000u\000e\000s}{section.2.3}% 29
\BOOKMARK [1][-]{section.2.4}{\376\377\000M\000o\000d\000\351\000l\000i\000s\000a\000t\000i\000o\000n\000\040\000d\000e\000s\000\040\000D\000o\000n\000n\000\351\000e\000s}{chapter.2}% 30
\BOOKMARK [2][-]{subsection.2.4.1}{\376\377\000E\000n\000t\000i\000t\000\351\000s\000\040\000c\000l\000\351\000s\000\040\000e\000t\000\040\000r\000e\000l\000a\000t\000i\000o\000n\000s}{section.2.4}% 31
\BOOKMARK [2][-]{subsection.2.4.2}{\376\377\000S\000t\000r\000a\000t\000\351\000g\000i\000e\000\040\000d\000e\000\040\000p\000e\000r\000s\000i\000s\000t\000a\000n\000c\000e\000\040\000a\000v\000e\000c\000\040\000P\000o\000s\000t\000g\000r\000e\000S\000Q\000L\000\040\0001\0007}{section.2.4}% 32
\BOOKMARK [1][-]{section.2.5}{\376\377\000C\000o\000n\000c\000l\000u\000s\000i\000o\000n}{chapter.2}% 33
\BOOKMARK [0][-]{chapter.3}{\376\377\000R\000\351\000a\000l\000i\000s\000a\000t\000i\000o\000n\000\040\000T\000e\000c\000h\000n\000i\000q\000u\000e\000\040\000e\000t\000\040\000I\000m\000p\000l\000\351\000m\000e\000n\000t\000a\000t\000i\000o\000n}{}% 34
\BOOKMARK [1][-]{section.3.1}{\376\377\000I\000n\000t\000r\000o\000d\000u\000c\000t\000i\000o\000n}{chapter.3}% 35
\BOOKMARK [1][-]{section.3.2}{\376\377\000E\000n\000v\000i\000r\000o\000n\000n\000e\000m\000e\000n\000t\000\040\000d\000e\000\040\000D\000\351\000v\000e\000l\000o\000p\000p\000e\000m\000e\000n\000t}{chapter.3}% 36
\BOOKMARK [2][-]{subsection.3.2.1}{\376\377\000S\000t\000a\000c\000k\000\040\000T\000e\000c\000h\000n\000i\000q\000u\000e\000\040\000e\000t\000\040\000J\000u\000s\000t\000i\000f\000i\000c\000a\000t\000i\000o\000n\000s}{section.3.2}% 37
\BOOKMARK [2][-]{subsection.3.2.2}{\376\377\000O\000r\000c\000h\000e\000s\000t\000r\000a\000t\000i\000o\000n\000\040\000e\000t\000\040\000C\000I\000/\000C\000D}{section.3.2}% 38
\BOOKMARK [1][-]{section.3.3}{\376\377\000I\000m\000p\000l\000\351\000m\000e\000n\000t\000a\000t\000i\000o\000n\000\040\000d\000e\000s\000\040\000F\000o\000n\000c\000t\000i\000o\000n\000n\000a\000l\000i\000t\000\351\000s\000\040\000C\000l\000\351\000s}{chapter.3}% 39
\BOOKMARK [2][-]{subsection.3.3.1}{\376\377\000L\000e\000\040\000p\000a\000t\000t\000e\000r\000n\000\040\000"\000S\000a\000v\000e\000-\000F\000i\000r\000s\000t\000"\000\040\000e\000t\000\040\000l\000a\000\040\000t\000r\000a\000\347\000a\000b\000i\000l\000i\000t\000\351\000\040\000a\000b\000s\000o\000l\000u\000e}{section.3.3}% 40
\BOOKMARK [2][-]{subsection.3.3.2}{\376\377\000G\000e\000s\000t\000i\000o\000n\000\040\000d\000e\000\040\000l\000a\000\040\000r\000\351\000s\000i\000l\000i\000e\000n\000c\000e\000\040\000e\000t\000\040\000d\000e\000s\000\040\000e\000r\000r\000e\000u\000r\000s}{section.3.3}% 41
\BOOKMARK [2][-]{subsection.3.3.3}{\376\377\000O\000p\000t\000i\000m\000i\000s\000a\000t\000i\000o\000n\000\040\000d\000e\000s\000\040\000p\000e\000r\000f\000o\000r\000m\000a\000n\000c\000e\000s\000\040\000e\000t\000\040\000r\000\351\000s\000o\000l\000u\000t\000i\000o\000n\000\040\000d\000u\000\040\000p\000r\000o\000b\000l\000\350\000m\000e\000\040\000N\000+\0001}{section.3.3}% 42
\BOOKMARK [1][-]{section.3.4}{\376\377\000S\000\351\000c\000u\000r\000i\000t\000\351\000\040\000e\000t\000\040\000C\000o\000n\000f\000o\000r\000m\000i\000t\000\351}{chapter.3}% 43
\BOOKMARK [2][-]{subsection.3.4.1}{\376\377\000C\000h\000i\000f\000f\000r\000e\000m\000e\000n\000t\000\040\000d\000e\000s\000\040\000s\000e\000c\000r\000e\000t\000s\000\040\000e\000t\000\040\000d\000o\000n\000n\000\351\000e\000s\000\040\000s\000e\000n\000s\000i\000b\000l\000e\000s}{section.3.4}% 44
\BOOKMARK [2][-]{subsection.3.4.2}{\376\377\000G\000e\000s\000t\000i\000o\000n\000\040\000d\000e\000s\000\040\000a\000c\000c\000\350\000s\000\040\000e\000t\000\040\000a\000u\000t\000h\000e\000n\000t\000i\000f\000i\000c\000a\000t\000i\000o\000n}{section.3.4}% 45
\BOOKMARK [1][-]{section.3.5}{\376\377\000C\000o\000n\000c\000l\000u\000s\000i\000o\000n}{chapter.3}% 46
\BOOKMARK [0][-]{chapter.4}{\376\377\000T\000e\000s\000t\000s\000,\000\040\000V\000a\000l\000i\000d\000a\000t\000i\000o\000n\000\040\000e\000t\000\040\000R\000\351\000s\000u\000l\000t\000a\000t\000s}{}% 47
\BOOKMARK [1][-]{section.4.1}{\376\377\000I\000n\000t\000r\000o\000d\000u\000c\000t\000i\000o\000n}{chapter.4}% 48
\BOOKMARK [1][-]{section.4.2}{\376\377\000S\000t\000r\000a\000t\000\351\000g\000i\000e\000\040\000d\000e\000\040\000T\000e\000s\000t\000s}{chapter.4}% 49
\BOOKMARK [2][-]{subsection.4.2.1}{\376\377\000T\000e\000s\000t\000s\000\040\000U\000n\000i\000t\000a\000i\000r\000e\000s\000\040\000e\000t\000\040\000d\000'\000I\000n\000t\000\351\000g\000r\000a\000t\000i\000o\000n}{section.4.2}% 50
\BOOKMARK [2][-]{subsection.4.2.2}{\376\377\000T\000e\000s\000t\000s\000\040\000d\000e\000\040\000b\000o\000u\000t\000\040\000e\000n\000\040\000b\000o\000u\000t\000\040\000\050\000E\0002\000E\000\051\000\040\000e\000t\000\040\000A\000u\000t\000o\000m\000a\000t\000i\000s\000a\000t\000i\000o\000n}{section.4.2}% 51
\BOOKMARK [1][-]{section.4.3}{\376\377\000A\000n\000a\000l\000y\000s\000e\000\040\000d\000e\000s\000\040\000R\000\351\000s\000u\000l\000t\000a\000t\000s}{chapter.4}% 52
\BOOKMARK [2][-]{subsection.4.3.1}{\376\377\000V\000a\000l\000i\000d\000a\000t\000i\000o\000n\000\040\000d\000e\000\040\000l\000a\000\040\000m\000a\000t\000r\000i\000c\000e\000\040\000d\000e\000\040\000t\000e\000s\000t\000s}{section.4.3}% 53
\BOOKMARK [2][-]{subsection.4.3.2}{\376\377\000M\000e\000s\000u\000r\000e\000\040\000d\000e\000s\000\040\000g\000a\000i\000n\000s\000\040\000d\000e\000\040\000p\000e\000r\000f\000o\000r\000m\000a\000n\000c\000e\000\040\000e\000t\000\040\000i\000m\000p\000a\000c\000t\000\040\000m\000\351\000t\000i\000e\000r}{section.4.3}% 54
\BOOKMARK [1][-]{section.4.4}{\376\377\000P\000r\000\351\000s\000e\000n\000t\000a\000t\000i\000o\000n\000\040\000d\000e\000\040\000l\000'\000I\000n\000t\000e\000r\000f\000a\000c\000e\000\040\000A\000d\000m\000i\000n\000i\000s\000t\000r\000a\000t\000e\000u\000r}{chapter.4}% 55
\BOOKMARK [2][-]{subsection.4.4.1}{\376\377\000D\000a\000s\000h\000b\000o\000a\000r\000d\000\040\000e\000t\000\040\000M\000o\000n\000i\000t\000o\000r\000i\000n\000g}{section.4.4}% 56
\BOOKMARK [2][-]{subsection.4.4.2}{\376\377\000V\000u\000e\000\040\000E\000m\000p\000l\000o\000y\000\351\000\040\0003\0006\0000\000\040\000e\000t\000\040\000H\000i\000s\000t\000o\000r\000i\000q\000u\000e\000\040\000d\000e\000s\000\040\000\351\000c\000h\000a\000n\000g\000e\000s}{section.4.4}% 57
\BOOKMARK [1][-]{section.4.5}{\376\377\000C\000o\000n\000c\000l\000u\000s\000i\000o\000n}{chapter.4}% 58
\BOOKMARK [0][-]{chapter*.9}{\376\377\000C\000o\000n\000c\000l\000u\000s\000i\000o\000n\000\040\000G\000\351\000n\000\351\000r\000a\000l\000e\000\040\000e\000t\000\040\000P\000e\000r\000s\000p\000e\000c\000t\000i\000v\000e\000s}{}% 59
\BOOKMARK [0][-]{chapter*.10}{\376\377\000R\000\351\000f\000\351\000r\000e\000n\000c\000e\000s}{}% 60
\BOOKMARK [0][-]{chapter*.11}{\376\377\000A\000n\000n\000e\000x\000e\000s}{}% 61
\BOOKMARK [1][-]{section.4.6}{\376\377\000E\000x\000t\000r\000a\000i\000t\000s\000\040\000d\000e\000\040\000c\000o\000d\000e\000\040\000c\000r\000i\000t\000i\000q\000u\000e\000s}{chapter*.11}% 62
\BOOKMARK [1][-]{section.4.7}{\376\377\000C\000a\000p\000t\000u\000r\000e\000s\000\040\000d\000'\000\351\000c\000r\000a\000n\000\040\000d\000e\000\040\000l\000'\000i\000n\000t\000e\000r\000f\000a\000c\000e\000\040\000u\000t\000i\000l\000i\000s\000a\000t\000e\000u\000r}{chapter*.11}% 63
\BOOKMARK [1][-]{section.4.8}{\376\377\000C\000o\000n\000f\000i\000g\000u\000r\000a\000t\000i\000o\000n\000\040\000D\000o\000c\000k\000e\000r\000\040\000C\000o\000m\000p\000o\000s\000e}{chapter*.11}% 64
\BOOKMARK [1][-]{section.4.9}{\376\377\000G\000u\000i\000d\000e\000\040\000d\000'\000i\000n\000s\000t\000a\000l\000l\000a\000t\000i\000o\000n}{chapter*.11}% 65
